d:\test\newdll\instrument_dll_sample_20221213_ver1.3.0\librayformfcinstrument\librayformfcinstrument\debug\librayformfcinstrument.pch
d:\test\newdll\instrument_dll_sample_20221213_ver1.3.0\librayformfcinstrument\librayformfcinstrument\debug\vc140.pdb
d:\test\newdll\instrument_dll_sample_20221213_ver1.3.0\librayformfcinstrument\librayformfcinstrument\debug\stdafx.obj
d:\test\newdll\instrument_dll_sample_20221213_ver1.3.0\librayformfcinstrument\librayformfcinstrument\debug\librayformfcinstrument.obj
d:\test\newdll\instrument_dll_sample_20221213_ver1.3.0\librayformfcinstrument\librayformfcinstrument\debug\assemblyinfo.obj
d:\test\newdll\instrument_dll_sample_20221213_ver1.3.0\librayformfcinstrument\librayformfcinstrument\debug\.netframework,version=v4.0.assemblyattributes.obj
d:\test\newdll\instrument_dll_sample_20221213_ver1.3.0\librayformfcinstrument\librayformfcinstrument\debug\.netframework,version=v4.0.assemblyattributes.asm
d:\test\newdll\instrument_dll_sample_20221213_ver1.3.0\librayformfcinstrument\debug\instrumentdll.dll
d:\test\newdll\instrument_dll_sample_20221213_ver1.3.0\librayformfcinstrument\debug\nationalinstruments.daqmx.dll
d:\test\newdll\instrument_dll_sample_20221213_ver1.3.0\librayformfcinstrument\debug\ftd2xx_net.dll
d:\test\newdll\instrument_dll_sample_20221213_ver1.3.0\librayformfcinstrument\debug\nationalinstruments.visans.dll
d:\test\newdll\instrument_dll_sample_20221213_ver1.3.0\librayformfcinstrument\debug\ivi.visa.dll
d:\test\newdll\instrument_dll_sample_20221213_ver1.3.0\librayformfcinstrument\debug\nationalinstruments.ni4882.dll
d:\test\newdll\instrument_dll_sample_20221213_ver1.3.0\librayformfcinstrument\debug\keysight.visa.dll
d:\test\newdll\instrument_dll_sample_20221213_ver1.3.0\librayformfcinstrument\debug\nationalinstruments.common.dll
d:\test\newdll\instrument_dll_sample_20221213_ver1.3.0\librayformfcinstrument\debug\nationalinstruments.nilmclientdll.dll
d:\test\newdll\instrument_dll_sample_20221213_ver1.3.0\librayformfcinstrument\debug\nationalinstruments.mstudioclm.dll
d:\test\newdll\instrument_dll_sample_20221213_ver1.3.0\librayformfcinstrument\debug\instrumentdll.pdb
d:\test\newdll\instrument_dll_sample_20221213_ver1.3.0\librayformfcinstrument\debug\instrumentdll.xml
d:\test\newdll\instrument_dll_sample_20221213_ver1.3.0\librayformfcinstrument\debug\nationalinstruments.daqmx.xml
d:\test\newdll\instrument_dll_sample_20221213_ver1.3.0\librayformfcinstrument\debug\nationalinstruments.visans.xml
d:\test\newdll\instrument_dll_sample_20221213_ver1.3.0\librayformfcinstrument\debug\ivi.visa.xml
d:\test\newdll\instrument_dll_sample_20221213_ver1.3.0\librayformfcinstrument\debug\nationalinstruments.ni4882.xml
d:\test\newdll\instrument_dll_sample_20221213_ver1.3.0\librayformfcinstrument\debug\keysight.visa.xml
d:\test\newdll\instrument_dll_sample_20221213_ver1.3.0\librayformfcinstrument\debug\nationalinstruments.common.xml
d:\test\newdll\instrument_dll_sample_20221213_ver1.3.0\librayformfcinstrument\debug\librayformfcinstrument.lib
d:\test\newdll\instrument_dll_sample_20221213_ver1.3.0\librayformfcinstrument\debug\librayformfcinstrument.exp
d:\test\newdll\instrument_dll_sample_20221213_ver1.3.0\librayformfcinstrument\debug\librayformfcinstrument.dll
d:\test\newdll\instrument_dll_sample_20221213_ver1.3.0\librayformfcinstrument\debug\librayformfcinstrument.pdb
d:\test\newdll\instrument_dll_sample_20221213_ver1.3.0\librayformfcinstrument\librayformfcinstrument\debug\librayfo.07389cb7.tlog\metagen.write.1.tlog
d:\test\newdll\instrument_dll_sample_20221213_ver1.3.0\librayformfcinstrument\librayformfcinstrument\debug\app.res
d:\test\newdll\instrument_dll_sample_20221213_ver1.3.0\librayformfcinstrument\librayformfcinstrument\debug\librayformfcinstrument.vcxprojresolveassemblyreference.cache
d:\test\newdll\instrument_dll_sample_20221213_ver1.3.0\librayformfcinstrument\librayformfcinstrument\debug\librayfo.07389cb7.tlog\cl.command.1.tlog
d:\test\newdll\instrument_dll_sample_20221213_ver1.3.0\librayformfcinstrument\librayformfcinstrument\debug\librayfo.07389cb7.tlog\cl.read.1.tlog
d:\test\newdll\instrument_dll_sample_20221213_ver1.3.0\librayformfcinstrument\librayformfcinstrument\debug\librayfo.07389cb7.tlog\cl.write.1.tlog
d:\test\newdll\instrument_dll_sample_20221213_ver1.3.0\librayformfcinstrument\librayformfcinstrument\debug\librayfo.07389cb7.tlog\librayformfcinstrument.write.1u.tlog
d:\test\newdll\instrument_dll_sample_20221213_ver1.3.0\librayformfcinstrument\librayformfcinstrument\debug\librayfo.07389cb7.tlog\link.command.1.tlog
d:\test\newdll\instrument_dll_sample_20221213_ver1.3.0\librayformfcinstrument\librayformfcinstrument\debug\librayfo.07389cb7.tlog\link.read.1.tlog
d:\test\newdll\instrument_dll_sample_20221213_ver1.3.0\librayformfcinstrument\librayformfcinstrument\debug\librayfo.07389cb7.tlog\link.write.1.tlog
d:\test\newdll\instrument_dll_sample_20221213_ver1.3.0\librayformfcinstrument\librayformfcinstrument\debug\librayfo.07389cb7.tlog\metagen.read.1.tlog
d:\test\newdll\instrument_dll_sample_20221213_ver1.3.0\librayformfcinstrument\librayformfcinstrument\debug\librayfo.07389cb7.tlog\rc.command.1.tlog
d:\test\newdll\instrument_dll_sample_20221213_ver1.3.0\librayformfcinstrument\librayformfcinstrument\debug\librayfo.07389cb7.tlog\rc.read.1.tlog
d:\test\newdll\instrument_dll_sample_20221213_ver1.3.0\librayformfcinstrument\librayformfcinstrument\debug\librayfo.07389cb7.tlog\rc.write.1.tlog
d:\test\newdll\instrument_dll_sample_20221213_ver1.3.0\librayformfcinstrument\librayformfcinstrument\debug\librayfo.07389cb7.tlog\instrumentdll.dll.metagen
d:\test\newdll\instrument_dll_sample_20221213_ver1.3.0\librayformfcinstrument\librayformfcinstrument\debug\librayfo.07389cb7.tlog\tzres.dll.bi
