d:\test\newdll\instrument_dll_sample_20220831_ver1.2.2\instrument_dll_sample_cpp\x64\debug\vc140.pdb
d:\test\newdll\instrument_dll_sample_20220831_ver1.2.2\instrument_dll_sample_cpp\x64\debug\tslsample.obj
d:\test\newdll\instrument_dll_sample_20220831_ver1.2.2\instrument_dll_sample_cpp\x64\debug\pcusample.obj
d:\test\newdll\instrument_dll_sample_20220831_ver1.2.2\instrument_dll_sample_cpp\x64\debug\osusample.obj
d:\test\newdll\instrument_dll_sample_20220831_ver1.2.2\instrument_dll_sample_cpp\x64\debug\mpmsample.obj
d:\test\newdll\instrument_dll_sample_20220831_ver1.2.2\instrument_dll_sample_cpp\x64\debug\main.obj
d:\test\newdll\instrument_dll_sample_20220831_ver1.2.2\instrument_dll_sample_cpp\x64\debug\.netframework,version=v4.5.2.assemblyattributes.obj
d:\test\newdll\instrument_dll_sample_20220831_ver1.2.2\instrument_dll_sample_cpp\x64\debug\.netframework,version=v4.5.2.assemblyattributes.asm
d:\test\newdll\instrument_dll_sample_20220831_ver1.2.2\x64\debug\instrumentdll.dll
d:\test\newdll\instrument_dll_sample_20220831_ver1.2.2\x64\debug\nationalinstruments.daqmx.dll
d:\test\newdll\instrument_dll_sample_20220831_ver1.2.2\x64\debug\ftd2xx_net.dll
d:\test\newdll\instrument_dll_sample_20220831_ver1.2.2\x64\debug\nationalinstruments.visans.dll
d:\test\newdll\instrument_dll_sample_20220831_ver1.2.2\x64\debug\ivi.visa.dll
d:\test\newdll\instrument_dll_sample_20220831_ver1.2.2\x64\debug\nationalinstruments.ni4882.dll
d:\test\newdll\instrument_dll_sample_20220831_ver1.2.2\x64\debug\keysight.visa.dll
d:\test\newdll\instrument_dll_sample_20220831_ver1.2.2\x64\debug\nationalinstruments.common.dll
d:\test\newdll\instrument_dll_sample_20220831_ver1.2.2\x64\debug\nationalinstruments.nilmclientdll.dll
d:\test\newdll\instrument_dll_sample_20220831_ver1.2.2\x64\debug\nationalinstruments.mstudioclm.dll
d:\test\newdll\instrument_dll_sample_20220831_ver1.2.2\x64\debug\instrumentdll.xml
d:\test\newdll\instrument_dll_sample_20220831_ver1.2.2\x64\debug\nationalinstruments.daqmx.xml
d:\test\newdll\instrument_dll_sample_20220831_ver1.2.2\x64\debug\nationalinstruments.visans.xml
d:\test\newdll\instrument_dll_sample_20220831_ver1.2.2\x64\debug\ivi.visa.xml
d:\test\newdll\instrument_dll_sample_20220831_ver1.2.2\x64\debug\nationalinstruments.ni4882.xml
d:\test\newdll\instrument_dll_sample_20220831_ver1.2.2\x64\debug\keysight.visa.xml
d:\test\newdll\instrument_dll_sample_20220831_ver1.2.2\x64\debug\nationalinstruments.common.xml
d:\test\newdll\instrument_dll_sample_20220831_ver1.2.2\instrument_dll_sample_cpp\x64\debug\instrument_dll_sample_cpp.main.resources
d:\test\newdll\instrument_dll_sample_20220831_ver1.2.2\instrument_dll_sample_cpp\x64\debug\instrument_dll_sample_cpp.mpmsample.resources
d:\test\newdll\instrument_dll_sample_20220831_ver1.2.2\instrument_dll_sample_cpp\x64\debug\instrument_dll_sample_cpp.osusample.resources
d:\test\newdll\instrument_dll_sample_20220831_ver1.2.2\instrument_dll_sample_cpp\x64\debug\instrument_dll_sample_cpp.pcusample.resources
d:\test\newdll\instrument_dll_sample_20220831_ver1.2.2\instrument_dll_sample_cpp\x64\debug\instrument_dll_sample_cpp.tslsample.resources
d:\test\newdll\instrument_dll_sample_20220831_ver1.2.2\instrument_dll_sample_cpp\x64\debug\instrume.9696b190.tlog\metagen.write.1.tlog
d:\test\newdll\instrument_dll_sample_20220831_ver1.2.2\instrument_dll_sample_cpp\x64\debug\instrument_dll_sample_cpp.vcxproj.generateresource.cache
d:\test\newdll\instrument_dll_sample_20220831_ver1.2.2\instrument_dll_sample_cpp\x64\debug\instrument_dll_sample_cpp.vcxprojresolveassemblyreference.cache
d:\test\newdll\instrument_dll_sample_20220831_ver1.2.2\instrument_dll_sample_cpp\x64\debug\instrume.9696b190.tlog\cl.command.1.tlog
d:\test\newdll\instrument_dll_sample_20220831_ver1.2.2\instrument_dll_sample_cpp\x64\debug\instrume.9696b190.tlog\cl.read.1.tlog
d:\test\newdll\instrument_dll_sample_20220831_ver1.2.2\instrument_dll_sample_cpp\x64\debug\instrume.9696b190.tlog\cl.write.1.tlog
d:\test\newdll\instrument_dll_sample_20220831_ver1.2.2\instrument_dll_sample_cpp\x64\debug\instrume.9696b190.tlog\instrument_dll_sample_cpp.write.1u.tlog
d:\test\newdll\instrument_dll_sample_20220831_ver1.2.2\instrument_dll_sample_cpp\x64\debug\instrume.9696b190.tlog\metagen.read.1.tlog
d:\test\newdll\instrument_dll_sample_20220831_ver1.2.2\instrument_dll_sample_cpp\x64\debug\instrume.9696b190.tlog\rc.command.1.tlog
d:\test\newdll\instrument_dll_sample_20220831_ver1.2.2\instrument_dll_sample_cpp\x64\debug\instrume.9696b190.tlog\rc.read.1.tlog
d:\test\newdll\instrument_dll_sample_20220831_ver1.2.2\instrument_dll_sample_cpp\x64\debug\instrume.9696b190.tlog\rc.write.1.tlog
d:\test\newdll\instrument_dll_sample_20220831_ver1.2.2\instrument_dll_sample_cpp\x64\debug\instrume.9696b190.tlog\instrumentdll.dll.metagen
d:\test\newdll\instrument_dll_sample_20220831_ver1.2.2\instrument_dll_sample_cpp\x64\debug\instrume.9696b190.tlog\tzres.dll.bi
