d:\test\newdll\instrument_dll_sample_20230322_ver1.3.0\instrument_dll_sample_mfc\x64\release\instrument_dll_sample_mfc.pch
d:\test\newdll\instrument_dll_sample_20230322_ver1.3.0\instrument_dll_sample_mfc\x64\release\vc140.pdb
d:\test\newdll\instrument_dll_sample_20230322_ver1.3.0\instrument_dll_sample_mfc\x64\release\stdafx.obj
d:\test\newdll\instrument_dll_sample_20230322_ver1.3.0\instrument_dll_sample_mfc\x64\release\tsl_sweep_function.obj
d:\test\newdll\instrument_dll_sample_20230322_ver1.3.0\instrument_dll_sample_mfc\x64\release\tsl_normal_function.obj
d:\test\newdll\instrument_dll_sample_20230322_ver1.3.0\instrument_dll_sample_mfc\x64\release\tsl_communication_setting.obj
d:\test\newdll\instrument_dll_sample_20230322_ver1.3.0\instrument_dll_sample_mfc\x64\release\tslsample_class.obj
d:\test\newdll\instrument_dll_sample_20230322_ver1.3.0\instrument_dll_sample_mfc\x64\release\pcusample_class.obj
d:\test\newdll\instrument_dll_sample_20230322_ver1.3.0\instrument_dll_sample_mfc\x64\release\osusample_class.obj
d:\test\newdll\instrument_dll_sample_20230322_ver1.3.0\instrument_dll_sample_mfc\x64\release\mpm_normal_function.obj
d:\test\newdll\instrument_dll_sample_20230322_ver1.3.0\instrument_dll_sample_mfc\x64\release\mpm_logging2.obj
d:\test\newdll\instrument_dll_sample_20230322_ver1.3.0\instrument_dll_sample_mfc\x64\release\mpm_logging1.obj
d:\test\newdll\instrument_dll_sample_20230322_ver1.3.0\instrument_dll_sample_mfc\x64\release\mpm_communication_setting.obj
d:\test\newdll\instrument_dll_sample_20230322_ver1.3.0\instrument_dll_sample_mfc\x64\release\mpmsample_class.obj
d:\test\newdll\instrument_dll_sample_20230322_ver1.3.0\instrument_dll_sample_mfc\x64\release\main.obj
d:\test\newdll\instrument_dll_sample_20230322_ver1.3.0\instrument_dll_sample_mfc\x64\release\instrument_dll_sample_mfc.obj
d:\test\newdll\instrument_dll_sample_20230322_ver1.3.0\x64\release\instrument_dll_sample_mfc.exe
d:\test\newdll\instrument_dll_sample_20230322_ver1.3.0\x64\release\instrument_dll_sample_mfc.ipdb
d:\test\newdll\instrument_dll_sample_20230322_ver1.3.0\x64\release\instrument_dll_sample_mfc.iobj
d:\test\newdll\instrument_dll_sample_20230322_ver1.3.0\x64\release\instrument_dll_sample_mfc.pdb
d:\test\newdll\instrument_dll_sample_20230322_ver1.3.0\instrument_dll_sample_mfc\x64\release\instrument_dll_sample_mfc.res
d:\test\newdll\instrument_dll_sample_20230322_ver1.3.0\instrument_dll_sample_mfc\x64\release\instrume.a7833268.tlog\cl.command.1.tlog
d:\test\newdll\instrument_dll_sample_20230322_ver1.3.0\instrument_dll_sample_mfc\x64\release\instrume.a7833268.tlog\cl.read.1.tlog
d:\test\newdll\instrument_dll_sample_20230322_ver1.3.0\instrument_dll_sample_mfc\x64\release\instrume.a7833268.tlog\cl.write.1.tlog
d:\test\newdll\instrument_dll_sample_20230322_ver1.3.0\instrument_dll_sample_mfc\x64\release\instrume.a7833268.tlog\link.command.1.tlog
d:\test\newdll\instrument_dll_sample_20230322_ver1.3.0\instrument_dll_sample_mfc\x64\release\instrume.a7833268.tlog\link.read.1.tlog
d:\test\newdll\instrument_dll_sample_20230322_ver1.3.0\instrument_dll_sample_mfc\x64\release\instrume.a7833268.tlog\link.write.1.tlog
d:\test\newdll\instrument_dll_sample_20230322_ver1.3.0\instrument_dll_sample_mfc\x64\release\instrume.a7833268.tlog\rc.command.1.tlog
d:\test\newdll\instrument_dll_sample_20230322_ver1.3.0\instrument_dll_sample_mfc\x64\release\instrume.a7833268.tlog\rc.read.1.tlog
d:\test\newdll\instrument_dll_sample_20230322_ver1.3.0\instrument_dll_sample_mfc\x64\release\instrume.a7833268.tlog\rc.write.1.tlog
