d:\test\newdll\instrument_dll_sample_20230322_ver1.3.0\librayformfcinstrument\librayformfcinstrument\x64\release\librayformfcinstrument.pch
d:\test\newdll\instrument_dll_sample_20230322_ver1.3.0\librayformfcinstrument\librayformfcinstrument\x64\release\vc140.pdb
d:\test\newdll\instrument_dll_sample_20230322_ver1.3.0\librayformfcinstrument\librayformfcinstrument\x64\release\stdafx.obj
d:\test\newdll\instrument_dll_sample_20230322_ver1.3.0\librayformfcinstrument\librayformfcinstrument\x64\release\librayformfcinstrument.obj
d:\test\newdll\instrument_dll_sample_20230322_ver1.3.0\librayformfcinstrument\librayformfcinstrument\x64\release\assemblyinfo.obj
d:\test\newdll\instrument_dll_sample_20230322_ver1.3.0\librayformfcinstrument\librayformfcinstrument\x64\release\.netframework,version=v4.0.assemblyattributes.obj
d:\test\newdll\instrument_dll_sample_20230322_ver1.3.0\librayformfcinstrument\librayformfcinstrument\x64\release\.netframework,version=v4.0.assemblyattributes.asm
d:\test\newdll\instrument_dll_sample_20230322_ver1.3.0\librayformfcinstrument\x64\release\instrumentdll.dll
d:\test\newdll\instrument_dll_sample_20230322_ver1.3.0\librayformfcinstrument\x64\release\nationalinstruments.daqmx.dll
d:\test\newdll\instrument_dll_sample_20230322_ver1.3.0\librayformfcinstrument\x64\release\ftd2xx_net.dll
d:\test\newdll\instrument_dll_sample_20230322_ver1.3.0\librayformfcinstrument\x64\release\nationalinstruments.visans.dll
d:\test\newdll\instrument_dll_sample_20230322_ver1.3.0\librayformfcinstrument\x64\release\ivi.visa.dll
d:\test\newdll\instrument_dll_sample_20230322_ver1.3.0\librayformfcinstrument\x64\release\nationalinstruments.ni4882.dll
d:\test\newdll\instrument_dll_sample_20230322_ver1.3.0\librayformfcinstrument\x64\release\keysight.visa.dll
d:\test\newdll\instrument_dll_sample_20230322_ver1.3.0\librayformfcinstrument\x64\release\nationalinstruments.common.dll
d:\test\newdll\instrument_dll_sample_20230322_ver1.3.0\librayformfcinstrument\x64\release\nationalinstruments.nilmclientdll.dll
d:\test\newdll\instrument_dll_sample_20230322_ver1.3.0\librayformfcinstrument\x64\release\nationalinstruments.mstudioclm.dll
d:\test\newdll\instrument_dll_sample_20230322_ver1.3.0\librayformfcinstrument\x64\release\instrumentdll.pdb
d:\test\newdll\instrument_dll_sample_20230322_ver1.3.0\librayformfcinstrument\x64\release\instrumentdll.xml
d:\test\newdll\instrument_dll_sample_20230322_ver1.3.0\librayformfcinstrument\x64\release\nationalinstruments.daqmx.xml
d:\test\newdll\instrument_dll_sample_20230322_ver1.3.0\librayformfcinstrument\x64\release\nationalinstruments.visans.xml
d:\test\newdll\instrument_dll_sample_20230322_ver1.3.0\librayformfcinstrument\x64\release\ivi.visa.xml
d:\test\newdll\instrument_dll_sample_20230322_ver1.3.0\librayformfcinstrument\x64\release\nationalinstruments.ni4882.xml
d:\test\newdll\instrument_dll_sample_20230322_ver1.3.0\librayformfcinstrument\x64\release\keysight.visa.xml
d:\test\newdll\instrument_dll_sample_20230322_ver1.3.0\librayformfcinstrument\x64\release\nationalinstruments.common.xml
d:\test\newdll\instrument_dll_sample_20230322_ver1.3.0\librayformfcinstrument\x64\release\librayformfcinstrument.lib
d:\test\newdll\instrument_dll_sample_20230322_ver1.3.0\librayformfcinstrument\x64\release\librayformfcinstrument.exp
d:\test\newdll\instrument_dll_sample_20230322_ver1.3.0\librayformfcinstrument\x64\release\librayformfcinstrument.dll
d:\test\newdll\instrument_dll_sample_20230322_ver1.3.0\librayformfcinstrument\x64\release\librayformfcinstrument.pdb
d:\test\newdll\instrument_dll_sample_20230322_ver1.3.0\librayformfcinstrument\librayformfcinstrument\x64\release\librayfo.07389cb7.tlog\metagen.write.1.tlog
d:\test\newdll\instrument_dll_sample_20230322_ver1.3.0\librayformfcinstrument\librayformfcinstrument\x64\release\app.res
d:\test\newdll\instrument_dll_sample_20230322_ver1.3.0\librayformfcinstrument\librayformfcinstrument\x64\release\librayformfcinstrument.vcxprojresolveassemblyreference.cache
d:\test\newdll\instrument_dll_sample_20230322_ver1.3.0\librayformfcinstrument\librayformfcinstrument\x64\release\librayfo.07389cb7.tlog\cl.command.1.tlog
d:\test\newdll\instrument_dll_sample_20230322_ver1.3.0\librayformfcinstrument\librayformfcinstrument\x64\release\librayfo.07389cb7.tlog\cl.read.1.tlog
d:\test\newdll\instrument_dll_sample_20230322_ver1.3.0\librayformfcinstrument\librayformfcinstrument\x64\release\librayfo.07389cb7.tlog\cl.write.1.tlog
d:\test\newdll\instrument_dll_sample_20230322_ver1.3.0\librayformfcinstrument\librayformfcinstrument\x64\release\librayfo.07389cb7.tlog\librayformfcinstrument.write.1u.tlog
d:\test\newdll\instrument_dll_sample_20230322_ver1.3.0\librayformfcinstrument\librayformfcinstrument\x64\release\librayfo.07389cb7.tlog\link.command.1.tlog
d:\test\newdll\instrument_dll_sample_20230322_ver1.3.0\librayformfcinstrument\librayformfcinstrument\x64\release\librayfo.07389cb7.tlog\link.read.1.tlog
d:\test\newdll\instrument_dll_sample_20230322_ver1.3.0\librayformfcinstrument\librayformfcinstrument\x64\release\librayfo.07389cb7.tlog\link.write.1.tlog
d:\test\newdll\instrument_dll_sample_20230322_ver1.3.0\librayformfcinstrument\librayformfcinstrument\x64\release\librayfo.07389cb7.tlog\metagen.read.1.tlog
d:\test\newdll\instrument_dll_sample_20230322_ver1.3.0\librayformfcinstrument\librayformfcinstrument\x64\release\librayfo.07389cb7.tlog\rc.command.1.tlog
d:\test\newdll\instrument_dll_sample_20230322_ver1.3.0\librayformfcinstrument\librayformfcinstrument\x64\release\librayfo.07389cb7.tlog\rc.read.1.tlog
d:\test\newdll\instrument_dll_sample_20230322_ver1.3.0\librayformfcinstrument\librayformfcinstrument\x64\release\librayfo.07389cb7.tlog\rc.write.1.tlog
d:\test\newdll\instrument_dll_sample_20230322_ver1.3.0\librayformfcinstrument\librayformfcinstrument\x64\release\librayfo.07389cb7.tlog\instrumentdll.dll.metagen
d:\test\newdll\instrument_dll_sample_20230322_ver1.3.0\librayformfcinstrument\librayformfcinstrument\x64\release\librayfo.07389cb7.tlog\tzres.dll.bi
