d:\test\newdll\instrument_dll_sample_20221213_ver1.3.0\debug\instrument_dll_sample_cpp.bsc
d:\test\newdll\instrument_dll_sample_20221213_ver1.3.0\instrument_dll_sample_cpp\debug\vc140.pdb
d:\test\newdll\instrument_dll_sample_20221213_ver1.3.0\instrument_dll_sample_cpp\debug\.netframework,version=v4.5.2.assemblyattributes.sbr
d:\test\newdll\instrument_dll_sample_20221213_ver1.3.0\instrument_dll_sample_cpp\debug\.netframework,version=v4.5.2.assemblyattributes.obj
d:\test\newdll\instrument_dll_sample_20221213_ver1.3.0\instrument_dll_sample_cpp\debug\.netframework,version=v4.5.2.assemblyattributes.asm
d:\test\newdll\instrument_dll_sample_20221213_ver1.3.0\instrument_dll_sample_cpp\debug\mpmsample.sbr
d:\test\newdll\instrument_dll_sample_20221213_ver1.3.0\instrument_dll_sample_cpp\debug\main.sbr
d:\test\newdll\instrument_dll_sample_20221213_ver1.3.0\instrument_dll_sample_cpp\debug\osusample.sbr
d:\test\newdll\instrument_dll_sample_20221213_ver1.3.0\instrument_dll_sample_cpp\debug\pcusample.sbr
d:\test\newdll\instrument_dll_sample_20221213_ver1.3.0\instrument_dll_sample_cpp\debug\tslsample.sbr
d:\test\newdll\instrument_dll_sample_20221213_ver1.3.0\instrument_dll_sample_cpp\debug\tslsample.obj
d:\test\newdll\instrument_dll_sample_20221213_ver1.3.0\instrument_dll_sample_cpp\debug\pcusample.obj
d:\test\newdll\instrument_dll_sample_20221213_ver1.3.0\instrument_dll_sample_cpp\debug\osusample.obj
d:\test\newdll\instrument_dll_sample_20221213_ver1.3.0\instrument_dll_sample_cpp\debug\main.obj
d:\test\newdll\instrument_dll_sample_20221213_ver1.3.0\instrument_dll_sample_cpp\debug\mpmsample.obj
d:\test\newdll\instrument_dll_sample_20221213_ver1.3.0\debug\instrumentdll.dll
d:\test\newdll\instrument_dll_sample_20221213_ver1.3.0\debug\nationalinstruments.daqmx.dll
d:\test\newdll\instrument_dll_sample_20221213_ver1.3.0\debug\ftd2xx_net.dll
d:\test\newdll\instrument_dll_sample_20221213_ver1.3.0\debug\nationalinstruments.visans.dll
d:\test\newdll\instrument_dll_sample_20221213_ver1.3.0\debug\ivi.visa.dll
d:\test\newdll\instrument_dll_sample_20221213_ver1.3.0\debug\nationalinstruments.ni4882.dll
d:\test\newdll\instrument_dll_sample_20221213_ver1.3.0\debug\keysight.visa.dll
d:\test\newdll\instrument_dll_sample_20221213_ver1.3.0\debug\nationalinstruments.common.dll
d:\test\newdll\instrument_dll_sample_20221213_ver1.3.0\debug\nationalinstruments.nilmclientdll.dll
d:\test\newdll\instrument_dll_sample_20221213_ver1.3.0\debug\nationalinstruments.mstudioclm.dll
d:\test\newdll\instrument_dll_sample_20221213_ver1.3.0\debug\instrumentdll.pdb
d:\test\newdll\instrument_dll_sample_20221213_ver1.3.0\debug\instrumentdll.xml
d:\test\newdll\instrument_dll_sample_20221213_ver1.3.0\debug\nationalinstruments.daqmx.xml
d:\test\newdll\instrument_dll_sample_20221213_ver1.3.0\debug\nationalinstruments.visans.xml
d:\test\newdll\instrument_dll_sample_20221213_ver1.3.0\debug\ivi.visa.xml
d:\test\newdll\instrument_dll_sample_20221213_ver1.3.0\debug\nationalinstruments.ni4882.xml
d:\test\newdll\instrument_dll_sample_20221213_ver1.3.0\debug\keysight.visa.xml
d:\test\newdll\instrument_dll_sample_20221213_ver1.3.0\debug\nationalinstruments.common.xml
d:\test\newdll\instrument_dll_sample_20221213_ver1.3.0\instrument_dll_sample_cpp\debug\instrument_dll_sample_cpp.main.resources
d:\test\newdll\instrument_dll_sample_20221213_ver1.3.0\instrument_dll_sample_cpp\debug\instrument_dll_sample_cpp.mpmsample.resources
d:\test\newdll\instrument_dll_sample_20221213_ver1.3.0\instrument_dll_sample_cpp\debug\instrument_dll_sample_cpp.osusample.resources
d:\test\newdll\instrument_dll_sample_20221213_ver1.3.0\instrument_dll_sample_cpp\debug\instrument_dll_sample_cpp.pcusample.resources
d:\test\newdll\instrument_dll_sample_20221213_ver1.3.0\instrument_dll_sample_cpp\debug\instrument_dll_sample_cpp.tslsample.resources
d:\test\newdll\instrument_dll_sample_20221213_ver1.3.0\debug\instrument_dll_sample_cpp.exe
d:\test\newdll\instrument_dll_sample_20221213_ver1.3.0\debug\instrument_dll_sample_cpp.pdb
d:\test\newdll\instrument_dll_sample_20221213_ver1.3.0\instrument_dll_sample_cpp\debug\instrume.9696b190.tlog\metagen.write.1.tlog
d:\test\newdll\instrument_dll_sample_20221213_ver1.3.0\instrument_dll_sample_cpp\debug\instrument_dll_sample_cpp.res
d:\test\newdll\instrument_dll_sample_20221213_ver1.3.0\instrument_dll_sample_cpp\debug\instrument_dll_sample_cpp.vcxproj.generateresource.cache
d:\test\newdll\instrument_dll_sample_20221213_ver1.3.0\instrument_dll_sample_cpp\debug\instrument_dll_sample_cpp.vcxprojresolveassemblyreference.cache
d:\test\newdll\instrument_dll_sample_20221213_ver1.3.0\instrument_dll_sample_cpp\debug\instrume.9696b190.tlog\bscmake.command.1.tlog
d:\test\newdll\instrument_dll_sample_20221213_ver1.3.0\instrument_dll_sample_cpp\debug\instrume.9696b190.tlog\bscmake.read.1.tlog
d:\test\newdll\instrument_dll_sample_20221213_ver1.3.0\instrument_dll_sample_cpp\debug\instrume.9696b190.tlog\bscmake.write.1.tlog
d:\test\newdll\instrument_dll_sample_20221213_ver1.3.0\instrument_dll_sample_cpp\debug\instrume.9696b190.tlog\cl.command.1.tlog
d:\test\newdll\instrument_dll_sample_20221213_ver1.3.0\instrument_dll_sample_cpp\debug\instrume.9696b190.tlog\cl.read.1.tlog
d:\test\newdll\instrument_dll_sample_20221213_ver1.3.0\instrument_dll_sample_cpp\debug\instrume.9696b190.tlog\cl.write.1.tlog
d:\test\newdll\instrument_dll_sample_20221213_ver1.3.0\instrument_dll_sample_cpp\debug\instrume.9696b190.tlog\instrument_dll_sample_cpp.write.1u.tlog
d:\test\newdll\instrument_dll_sample_20221213_ver1.3.0\instrument_dll_sample_cpp\debug\instrume.9696b190.tlog\link.command.1.tlog
d:\test\newdll\instrument_dll_sample_20221213_ver1.3.0\instrument_dll_sample_cpp\debug\instrume.9696b190.tlog\link.read.1.tlog
d:\test\newdll\instrument_dll_sample_20221213_ver1.3.0\instrument_dll_sample_cpp\debug\instrume.9696b190.tlog\link.write.1.tlog
d:\test\newdll\instrument_dll_sample_20221213_ver1.3.0\instrument_dll_sample_cpp\debug\instrume.9696b190.tlog\metagen.read.1.tlog
d:\test\newdll\instrument_dll_sample_20221213_ver1.3.0\instrument_dll_sample_cpp\debug\instrume.9696b190.tlog\rc.command.1.tlog
d:\test\newdll\instrument_dll_sample_20221213_ver1.3.0\instrument_dll_sample_cpp\debug\instrume.9696b190.tlog\rc.read.1.tlog
d:\test\newdll\instrument_dll_sample_20221213_ver1.3.0\instrument_dll_sample_cpp\debug\instrume.9696b190.tlog\rc.write.1.tlog
d:\test\newdll\instrument_dll_sample_20221213_ver1.3.0\instrument_dll_sample_cpp\debug\instrume.9696b190.tlog\instrumentdll.dll.metagen
d:\test\newdll\instrument_dll_sample_20221213_ver1.3.0\instrument_dll_sample_cpp\debug\instrume.9696b190.tlog\tzres.dll.bi
