d:\test\newdll\instrument_dll_sample_20230322_ver1.3.0\mfcdebug\instrument_dll_sample_mfc.bsc
d:\test\newdll\instrument_dll_sample_20230322_ver1.3.0\instrument_dll_sample_mfc\debug\instrument_dll_sample_mfc.pch
d:\test\newdll\instrument_dll_sample_20230322_ver1.3.0\instrument_dll_sample_mfc\debug\vc140.pdb
d:\test\newdll\instrument_dll_sample_20230322_ver1.3.0\instrument_dll_sample_mfc\debug\vc140.idb
d:\test\newdll\instrument_dll_sample_20230322_ver1.3.0\instrument_dll_sample_mfc\debug\stdafx.sbr
d:\test\newdll\instrument_dll_sample_20230322_ver1.3.0\instrument_dll_sample_mfc\debug\stdafx.obj
d:\test\newdll\instrument_dll_sample_20230322_ver1.3.0\instrument_dll_sample_mfc\debug\tsl_sweep_function.sbr
d:\test\newdll\instrument_dll_sample_20230322_ver1.3.0\instrument_dll_sample_mfc\debug\tsl_normal_function.sbr
d:\test\newdll\instrument_dll_sample_20230322_ver1.3.0\instrument_dll_sample_mfc\debug\tsl_communication_setting.sbr
d:\test\newdll\instrument_dll_sample_20230322_ver1.3.0\instrument_dll_sample_mfc\debug\tslsample_class.sbr
d:\test\newdll\instrument_dll_sample_20230322_ver1.3.0\instrument_dll_sample_mfc\debug\pcusample_class.sbr
d:\test\newdll\instrument_dll_sample_20230322_ver1.3.0\instrument_dll_sample_mfc\debug\osusample_class.sbr
d:\test\newdll\instrument_dll_sample_20230322_ver1.3.0\instrument_dll_sample_mfc\debug\mpm_normal_function.sbr
d:\test\newdll\instrument_dll_sample_20230322_ver1.3.0\instrument_dll_sample_mfc\debug\mpm_logging2.sbr
d:\test\newdll\instrument_dll_sample_20230322_ver1.3.0\instrument_dll_sample_mfc\debug\mpm_logging1.sbr
d:\test\newdll\instrument_dll_sample_20230322_ver1.3.0\instrument_dll_sample_mfc\debug\mpm_communication_setting.sbr
d:\test\newdll\instrument_dll_sample_20230322_ver1.3.0\instrument_dll_sample_mfc\debug\mpmsample_class.sbr
d:\test\newdll\instrument_dll_sample_20230322_ver1.3.0\instrument_dll_sample_mfc\debug\main.sbr
d:\test\newdll\instrument_dll_sample_20230322_ver1.3.0\instrument_dll_sample_mfc\debug\instrument_dll_sample_mfc.sbr
d:\test\newdll\instrument_dll_sample_20230322_ver1.3.0\instrument_dll_sample_mfc\debug\instrument_dll_sample_mfc.obj
d:\test\newdll\instrument_dll_sample_20230322_ver1.3.0\instrument_dll_sample_mfc\debug\main.obj
d:\test\newdll\instrument_dll_sample_20230322_ver1.3.0\instrument_dll_sample_mfc\debug\mpmsample_class.obj
d:\test\newdll\instrument_dll_sample_20230322_ver1.3.0\instrument_dll_sample_mfc\debug\mpm_communication_setting.obj
d:\test\newdll\instrument_dll_sample_20230322_ver1.3.0\instrument_dll_sample_mfc\debug\mpm_logging1.obj
d:\test\newdll\instrument_dll_sample_20230322_ver1.3.0\instrument_dll_sample_mfc\debug\mpm_logging2.obj
d:\test\newdll\instrument_dll_sample_20230322_ver1.3.0\instrument_dll_sample_mfc\debug\mpm_normal_function.obj
d:\test\newdll\instrument_dll_sample_20230322_ver1.3.0\instrument_dll_sample_mfc\debug\osusample_class.obj
d:\test\newdll\instrument_dll_sample_20230322_ver1.3.0\instrument_dll_sample_mfc\debug\pcusample_class.obj
d:\test\newdll\instrument_dll_sample_20230322_ver1.3.0\instrument_dll_sample_mfc\debug\tslsample_class.obj
d:\test\newdll\instrument_dll_sample_20230322_ver1.3.0\instrument_dll_sample_mfc\debug\tsl_communication_setting.obj
d:\test\newdll\instrument_dll_sample_20230322_ver1.3.0\instrument_dll_sample_mfc\debug\tsl_normal_function.obj
d:\test\newdll\instrument_dll_sample_20230322_ver1.3.0\instrument_dll_sample_mfc\debug\tsl_sweep_function.obj
d:\test\newdll\instrument_dll_sample_20230322_ver1.3.0\mfcdebug\instrument_dll_sample_mfc.ilk
d:\test\newdll\instrument_dll_sample_20230322_ver1.3.0\mfcdebug\instrument_dll_sample_mfc.exe
d:\test\newdll\instrument_dll_sample_20230322_ver1.3.0\mfcdebug\instrument_dll_sample_mfc.pdb
d:\test\newdll\instrument_dll_sample_20230322_ver1.3.0\instrument_dll_sample_mfc\debug\instrument_dll_sample_mfc.res
d:\test\newdll\instrument_dll_sample_20230322_ver1.3.0\instrument_dll_sample_mfc\debug\instrume.a7833268.tlog\bscmake.command.1.tlog
d:\test\newdll\instrument_dll_sample_20230322_ver1.3.0\instrument_dll_sample_mfc\debug\instrume.a7833268.tlog\bscmake.read.1.tlog
d:\test\newdll\instrument_dll_sample_20230322_ver1.3.0\instrument_dll_sample_mfc\debug\instrume.a7833268.tlog\bscmake.write.1.tlog
d:\test\newdll\instrument_dll_sample_20230322_ver1.3.0\instrument_dll_sample_mfc\debug\instrume.a7833268.tlog\cl.command.1.tlog
d:\test\newdll\instrument_dll_sample_20230322_ver1.3.0\instrument_dll_sample_mfc\debug\instrume.a7833268.tlog\cl.read.1.tlog
d:\test\newdll\instrument_dll_sample_20230322_ver1.3.0\instrument_dll_sample_mfc\debug\instrume.a7833268.tlog\cl.write.1.tlog
d:\test\newdll\instrument_dll_sample_20230322_ver1.3.0\instrument_dll_sample_mfc\debug\instrume.a7833268.tlog\link.command.1.tlog
d:\test\newdll\instrument_dll_sample_20230322_ver1.3.0\instrument_dll_sample_mfc\debug\instrume.a7833268.tlog\link.read.1.tlog
d:\test\newdll\instrument_dll_sample_20230322_ver1.3.0\instrument_dll_sample_mfc\debug\instrume.a7833268.tlog\link.write.1.tlog
d:\test\newdll\instrument_dll_sample_20230322_ver1.3.0\instrument_dll_sample_mfc\debug\instrume.a7833268.tlog\rc.command.1.tlog
d:\test\newdll\instrument_dll_sample_20230322_ver1.3.0\instrument_dll_sample_mfc\debug\instrume.a7833268.tlog\rc.read.1.tlog
d:\test\newdll\instrument_dll_sample_20230322_ver1.3.0\instrument_dll_sample_mfc\debug\instrume.a7833268.tlog\rc.write.1.tlog
