  stdafx.cpp
c:\program files (x86)\microsoft visual studio 14.0\vc\atlmfc\include\afx.h(38): warning C4996: 'MBCS_Support_Deprecated_In_MFC': MBCS support in MFC is deprecated and may be removed in a future version of MFC.
  c:\program files (x86)\microsoft visual studio 14.0\vc\atlmfc\include\afx.h(33): note: 参见“MBCS_Support_Deprecated_In_MFC”的声明
  TSL_Sweep_function.cpp
d:\test\newdll\instrument_dll_sample_20230322_ver1.3.0\instrument_dll_sample_mfc\tsl_sweep_function.cpp(57): warning C4267: “初始化”: 从“size_t”转换到“unsigned int”，可能丢失数据
d:\test\newdll\instrument_dll_sample_20230322_ver1.3.0\instrument_dll_sample_mfc\tsl_sweep_function.cpp(61): warning C4267: “=”: 从“size_t”转换到“unsigned int”，可能丢失数据
d:\test\newdll\instrument_dll_sample_20230322_ver1.3.0\instrument_dll_sample_mfc\tsl_sweep_function.cpp(62): warning C4267: “=”: 从“size_t”转换到“unsigned int”，可能丢失数据
d:\test\newdll\instrument_dll_sample_20230322_ver1.3.0\instrument_dll_sample_mfc\tsl_sweep_function.cpp(180): warning C4800: “BOOL”: 将值强制为布尔值“true”或“false”(性能警告)
d:\test\newdll\instrument_dll_sample_20230322_ver1.3.0\instrument_dll_sample_mfc\tsl_sweep_function.cpp(220): warning C4800: “BOOL”: 将值强制为布尔值“true”或“false”(性能警告)
d:\test\newdll\instrument_dll_sample_20230322_ver1.3.0\instrument_dll_sample_mfc\tsl_sweep_function.cpp(320): warning C4800: “BOOL”: 将值强制为布尔值“true”或“false”(性能警告)
d:\test\newdll\instrument_dll_sample_20230322_ver1.3.0\instrument_dll_sample_mfc\tsl_sweep_function.cpp(322): warning C4267: “初始化”: 从“size_t”转换到“int”，可能丢失数据
  TSL_Normal_function.cpp
  TSL_Communication_Setting.cpp
d:\test\newdll\instrument_dll_sample_20230322_ver1.3.0\instrument_dll_sample_mfc\tsl_communication_setting.cpp(205): warning C4800: “int”: 将值强制为布尔值“true”或“false”(性能警告)
d:\test\newdll\instrument_dll_sample_20230322_ver1.3.0\instrument_dll_sample_mfc\tsl_communication_setting.cpp(206): warning C4800: “int”: 将值强制为布尔值“true”或“false”(性能警告)
d:\test\newdll\instrument_dll_sample_20230322_ver1.3.0\instrument_dll_sample_mfc\tsl_communication_setting.cpp(207): warning C4800: “int”: 将值强制为布尔值“true”或“false”(性能警告)
d:\test\newdll\instrument_dll_sample_20230322_ver1.3.0\instrument_dll_sample_mfc\tsl_communication_setting.cpp(208): warning C4800: “int”: 将值强制为布尔值“true”或“false”(性能警告)
d:\test\newdll\instrument_dll_sample_20230322_ver1.3.0\instrument_dll_sample_mfc\tsl_communication_setting.cpp(209): warning C4800: “int”: 将值强制为布尔值“true”或“false”(性能警告)
d:\test\newdll\instrument_dll_sample_20230322_ver1.3.0\instrument_dll_sample_mfc\tsl_communication_setting.cpp(210): warning C4800: “int”: 将值强制为布尔值“true”或“false”(性能警告)
d:\test\newdll\instrument_dll_sample_20230322_ver1.3.0\instrument_dll_sample_mfc\tsl_communication_setting.cpp(316): warning C4312: “类型转换”: 从“int”转换到更大的“LPCSTR”
  TSLSample_Class.cpp
  PCUSample_Class.cpp
d:\test\newdll\instrument_dll_sample_20230322_ver1.3.0\instrument_dll_sample_mfc\pcusample_class.cpp(64): warning C4267: “初始化”: 从“size_t”转换到“unsigned int”，可能丢失数据
d:\test\newdll\instrument_dll_sample_20230322_ver1.3.0\instrument_dll_sample_mfc\pcusample_class.cpp(68): warning C4267: “=”: 从“size_t”转换到“unsigned int”，可能丢失数据
d:\test\newdll\instrument_dll_sample_20230322_ver1.3.0\instrument_dll_sample_mfc\pcusample_class.cpp(69): warning C4267: “=”: 从“size_t”转换到“unsigned int”，可能丢失数据
d:\test\newdll\instrument_dll_sample_20230322_ver1.3.0\instrument_dll_sample_mfc\pcusample_class.cpp(139): warning C4800: “int”: 将值强制为布尔值“true”或“false”(性能警告)
d:\test\newdll\instrument_dll_sample_20230322_ver1.3.0\instrument_dll_sample_mfc\pcusample_class.cpp(140): warning C4800: “int”: 将值强制为布尔值“true”或“false”(性能警告)
d:\test\newdll\instrument_dll_sample_20230322_ver1.3.0\instrument_dll_sample_mfc\pcusample_class.cpp(141): warning C4800: “int”: 将值强制为布尔值“true”或“false”(性能警告)
d:\test\newdll\instrument_dll_sample_20230322_ver1.3.0\instrument_dll_sample_mfc\pcusample_class.cpp(142): warning C4800: “int”: 将值强制为布尔值“true”或“false”(性能警告)
d:\test\newdll\instrument_dll_sample_20230322_ver1.3.0\instrument_dll_sample_mfc\pcusample_class.cpp(143): warning C4800: “int”: 将值强制为布尔值“true”或“false”(性能警告)
d:\test\newdll\instrument_dll_sample_20230322_ver1.3.0\instrument_dll_sample_mfc\pcusample_class.cpp(144): warning C4800: “int”: 将值强制为布尔值“true”或“false”(性能警告)
d:\test\newdll\instrument_dll_sample_20230322_ver1.3.0\instrument_dll_sample_mfc\pcusample_class.cpp(145): warning C4800: “int”: 将值强制为布尔值“true”或“false”(性能警告)
d:\test\newdll\instrument_dll_sample_20230322_ver1.3.0\instrument_dll_sample_mfc\pcusample_class.cpp(150): warning C4267: “初始化”: 从“size_t”转换到“int”，可能丢失数据
d:\test\newdll\instrument_dll_sample_20230322_ver1.3.0\instrument_dll_sample_mfc\pcusample_class.cpp(437): warning C4312: “类型转换”: 从“int”转换到更大的“LPCSTR”
d:\test\newdll\instrument_dll_sample_20230322_ver1.3.0\instrument_dll_sample_mfc\pcusample_class.cpp(496): warning C4267: “初始化”: 从“size_t”转换到“int”，可能丢失数据
d:\test\newdll\instrument_dll_sample_20230322_ver1.3.0\instrument_dll_sample_mfc\pcusample_class.cpp(537): warning C4267: “初始化”: 从“size_t”转换到“int”，可能丢失数据
d:\test\newdll\instrument_dll_sample_20230322_ver1.3.0\instrument_dll_sample_mfc\pcusample_class.cpp(577): warning C4267: “初始化”: 从“size_t”转换到“int”，可能丢失数据
  OSUSample_Class.cpp
d:\test\newdll\instrument_dll_sample_20230322_ver1.3.0\instrument_dll_sample_mfc\osusample_class.cpp(50): warning C4267: “初始化”: 从“size_t”转换到“unsigned int”，可能丢失数据
d:\test\newdll\instrument_dll_sample_20230322_ver1.3.0\instrument_dll_sample_mfc\osusample_class.cpp(54): warning C4267: “=”: 从“size_t”转换到“unsigned int”，可能丢失数据
d:\test\newdll\instrument_dll_sample_20230322_ver1.3.0\instrument_dll_sample_mfc\osusample_class.cpp(55): warning C4267: “=”: 从“size_t”转换到“unsigned int”，可能丢失数据
d:\test\newdll\instrument_dll_sample_20230322_ver1.3.0\instrument_dll_sample_mfc\osusample_class.cpp(81): warning C4267: “初始化”: 从“size_t”转换到“int”，可能丢失数据
d:\test\newdll\instrument_dll_sample_20230322_ver1.3.0\instrument_dll_sample_mfc\osusample_class.cpp(93): warning C4267: “=”: 从“size_t”转换到“int”，可能丢失数据
d:\test\newdll\instrument_dll_sample_20230322_ver1.3.0\instrument_dll_sample_mfc\osusample_class.cpp(202): warning C4800: “int”: 将值强制为布尔值“true”或“false”(性能警告)
d:\test\newdll\instrument_dll_sample_20230322_ver1.3.0\instrument_dll_sample_mfc\osusample_class.cpp(203): warning C4800: “int”: 将值强制为布尔值“true”或“false”(性能警告)
d:\test\newdll\instrument_dll_sample_20230322_ver1.3.0\instrument_dll_sample_mfc\osusample_class.cpp(204): warning C4800: “int”: 将值强制为布尔值“true”或“false”(性能警告)
d:\test\newdll\instrument_dll_sample_20230322_ver1.3.0\instrument_dll_sample_mfc\osusample_class.cpp(205): warning C4800: “int”: 将值强制为布尔值“true”或“false”(性能警告)
d:\test\newdll\instrument_dll_sample_20230322_ver1.3.0\instrument_dll_sample_mfc\osusample_class.cpp(206): warning C4800: “int”: 将值强制为布尔值“true”或“false”(性能警告)
  MPM_Normal_function.cpp
  MPM_Logging2.cpp
  MPM_Logging1.cpp
  MPM_Communication_Setting.cpp
d:\test\newdll\instrument_dll_sample_20230322_ver1.3.0\instrument_dll_sample_mfc\mpm_communication_setting.cpp(53): warning C4267: “初始化”: 从“size_t”转换到“unsigned int”，可能丢失数据
d:\test\newdll\instrument_dll_sample_20230322_ver1.3.0\instrument_dll_sample_mfc\mpm_communication_setting.cpp(57): warning C4267: “=”: 从“size_t”转换到“unsigned int”，可能丢失数据
d:\test\newdll\instrument_dll_sample_20230322_ver1.3.0\instrument_dll_sample_mfc\mpm_communication_setting.cpp(58): warning C4267: “=”: 从“size_t”转换到“unsigned int”，可能丢失数据
d:\test\newdll\instrument_dll_sample_20230322_ver1.3.0\instrument_dll_sample_mfc\mpm_communication_setting.cpp(81): warning C4267: “初始化”: 从“size_t”转换到“int”，可能丢失数据
d:\test\newdll\instrument_dll_sample_20230322_ver1.3.0\instrument_dll_sample_mfc\mpm_communication_setting.cpp(157): warning C4267: “初始化”: 从“size_t”转换到“int”，可能丢失数据
d:\test\newdll\instrument_dll_sample_20230322_ver1.3.0\instrument_dll_sample_mfc\mpm_communication_setting.cpp(212): warning C4800: “int”: 将值强制为布尔值“true”或“false”(性能警告)
d:\test\newdll\instrument_dll_sample_20230322_ver1.3.0\instrument_dll_sample_mfc\mpm_communication_setting.cpp(213): warning C4800: “int”: 将值强制为布尔值“true”或“false”(性能警告)
d:\test\newdll\instrument_dll_sample_20230322_ver1.3.0\instrument_dll_sample_mfc\mpm_communication_setting.cpp(214): warning C4800: “int”: 将值强制为布尔值“true”或“false”(性能警告)
d:\test\newdll\instrument_dll_sample_20230322_ver1.3.0\instrument_dll_sample_mfc\mpm_communication_setting.cpp(215): warning C4800: “int”: 将值强制为布尔值“true”或“false”(性能警告)
d:\test\newdll\instrument_dll_sample_20230322_ver1.3.0\instrument_dll_sample_mfc\mpm_communication_setting.cpp(219): warning C4267: “初始化”: 从“size_t”转换到“int”，可能丢失数据
d:\test\newdll\instrument_dll_sample_20230322_ver1.3.0\instrument_dll_sample_mfc\mpm_communication_setting.cpp(236): warning C4267: “=”: 从“size_t”转换到“int”，可能丢失数据
d:\test\newdll\instrument_dll_sample_20230322_ver1.3.0\instrument_dll_sample_mfc\mpm_communication_setting.cpp(256): warning C4267: “=”: 从“size_t”转换到“int”，可能丢失数据
d:\test\newdll\instrument_dll_sample_20230322_ver1.3.0\instrument_dll_sample_mfc\mpm_communication_setting.cpp(277): warning C4267: “=”: 从“size_t”转换到“int”，可能丢失数据
  MPMSample_Class.cpp
  Main.cpp
  Instrument_DLL_Sample_MFC.cpp
  正在生成代码...
  Instrument_DLL_Sample_MFC.vcxproj -> D:\test\NewDll\Instrument_DLL_Sample_20230322_Ver1.3.0\x64\Debug\Instrument_DLL_Sample_MFC.exe
  Instrument_DLL_Sample_MFC.vcxproj -> D:\test\NewDll\Instrument_DLL_Sample_20230322_Ver1.3.0\x64\Debug\Instrument_DLL_Sample_MFC.pdb (Partial PDB)
